SF:lib/db/app_db.g.dart
DA:10,6
DA:13,10
DA:15,5
DA:20,5
DA:26,10
DA:28,5
DA:37,10
DA:39,5
DA:48,10
DA:50,5
DA:59,10
DA:61,5
DA:70,10
DA:72,5
DA:79,10
DA:81,5
DA:90,12
DA:92,6
DA:96,15
DA:102,10
DA:104,5
DA:109,5
DA:110,5
DA:111,5
DA:112,5
DA:113,5
DA:114,5
DA:115,5
DA:116,5
DA:117,5
DA:118,5
DA:119,5
DA:121,6
DA:122,12
DA:123,6
DA:126,5
DA:131,5
DA:132,5
DA:133,5
DA:134,0
DA:136,5
DA:137,5
DA:139,15
DA:142,0
DA:144,5
DA:145,5
DA:147,15
DA:150,5
DA:151,5
DA:153,15
DA:156,5
DA:157,5
DA:159,15
DA:162,5
DA:163,5
DA:165,15
DA:168,5
DA:169,5
DA:171,15
DA:174,5
DA:175,0
DA:177,0
DA:180,5
DA:181,0
DA:183,0
DA:189,5
DA:190,5
DA:191,0
DA:193,0
DA:194,0
DA:195,0
DA:197,0
DA:199,0
DA:201,0
DA:203,0
DA:205,0
DA:207,0
DA:209,0
DA:211,0
DA:213,0
DA:215,0
DA:217,0
DA:219,0
DA:221,0
DA:223,0
DA:225,0
DA:227,0
DA:229,0
DA:234,0
DA:236,0
DA:250,0
DA:261,0
DA:263,0
DA:264,0
DA:265,0
DA:266,0
DA:267,0
DA:269,0
DA:270,0
DA:272,0
DA:273,0
DA:275,0
DA:276,0
DA:278,0
DA:279,0
DA:281,0
DA:282,0
DA:283,0
DA:288,0
DA:289,0
DA:290,0
DA:291,0
DA:292,0
DA:294,0
DA:295,0
DA:297,0
DA:298,0
DA:300,0
DA:301,0
DA:303,0
DA:304,0
DA:305,0
DA:306,0
DA:308,0
DA:312,0
DA:316,0
DA:317,0
DA:318,0
DA:319,0
DA:320,0
DA:321,0
DA:322,0
DA:323,0
DA:324,0
DA:325,0
DA:326,0
DA:329,0
DA:331,0
DA:332,0
DA:333,0
DA:334,0
DA:335,0
DA:336,0
DA:337,0
DA:338,0
DA:339,0
DA:340,0
DA:341,0
DA:345,0
DA:355,0
DA:356,0
DA:357,0
DA:358,0
DA:359,0
DA:360,0
DA:361,0
DA:362,0
DA:363,0
DA:364,0
DA:366,0
DA:367,0
DA:368,0
DA:369,0
DA:370,0
DA:371,0
DA:372,0
DA:373,0
DA:374,0
DA:375,0
DA:376,0
DA:377,0
DA:378,0
DA:379,0
DA:380,0
DA:384,0
DA:386,0
DA:387,0
DA:388,0
DA:389,0
DA:390,0
DA:391,0
DA:392,0
DA:393,0
DA:394,0
DA:395,0
DA:396,0
DA:397,0
DA:400,0
DA:401,0
DA:402,0
DA:403,0
DA:404,0
DA:405,0
DA:406,0
DA:407,0
DA:408,0
DA:409,0
DA:410,0
DA:412,0
DA:415,0
DA:416,0
DA:417,0
DA:418,0
DA:419,0
DA:420,0
DA:421,0
DA:422,0
DA:423,0
DA:424,0
DA:437,0
DA:448,5
DA:458,5
DA:459,0
DA:470,0
DA:471,0
DA:472,0
DA:473,0
DA:474,0
DA:475,0
DA:476,0
DA:477,0
DA:478,0
DA:479,0
DA:483,0
DA:494,0
DA:495,0
DA:496,0
DA:497,0
DA:498,0
DA:499,0
DA:500,0
DA:501,0
DA:502,0
DA:503,0
DA:507,5
DA:509,5
DA:510,10
DA:511,0
DA:513,10
DA:514,20
DA:516,10
DA:517,20
DA:519,10
DA:520,20
DA:522,10
DA:523,20
DA:525,10
DA:526,20
DA:528,10
DA:529,20
DA:531,10
DA:532,0
DA:534,10
DA:535,0
DA:540,0
DA:542,0
DA:543,0
DA:544,0
DA:545,0
DA:546,0
DA:547,0
DA:548,0
DA:549,0
DA:550,0
DA:551,0
DA:552,0
DA:553,0
DA:562,6
DA:565,10
DA:567,5
DA:572,5
DA:580,12
DA:582,6
DA:591,12
DA:593,6
DA:602,10
DA:604,5
DA:613,10
DA:615,5
DA:625,10
DA:627,5
DA:634,10
DA:636,5
DA:643,10
DA:645,5
DA:654,10
DA:656,5
DA:665,10
DA:667,5
DA:673,6
DA:674,6
DA:676,6
DA:680,12
DA:681,12
DA:682,5
DA:683,5
DA:684,5
DA:685,5
DA:686,5
DA:687,5
DA:688,5
DA:689,5
DA:690,5
DA:691,5
DA:692,5
DA:693,5
DA:694,5
DA:696,6
DA:697,12
DA:698,6
DA:701,5
DA:706,5
DA:707,5
DA:708,5
DA:709,0
DA:711,5
DA:712,5
DA:714,15
DA:717,0
DA:719,5
DA:720,5
DA:722,15
DA:725,0
DA:727,5
DA:728,5
DA:730,15
DA:733,5
DA:734,5
DA:736,15
DA:739,5
DA:740,5
DA:742,10
DA:743,5
DA:748,5
DA:749,5
DA:751,15
DA:754,5
DA:755,5
DA:757,15
DA:760,5
DA:761,5
DA:763,15
DA:766,0
DA:768,5
DA:769,5
DA:771,15
DA:777,5
DA:778,5
DA:779,5
DA:781,0
DA:782,5
DA:783,15
DA:785,10
DA:787,15
DA:789,10
DA:791,15
DA:793,10
DA:795,15
DA:797,10
DA:799,15
DA:801,10
DA:803,15
DA:805,10
DA:807,15
DA:809,10
DA:811,15
DA:813,10
DA:815,15
DA:817,10
DA:819,15
DA:821,10
DA:823,10
DA:824,15
DA:826,10
DA:832,0
DA:834,0
DA:837,12
DA:853,5
DA:866,0
DA:868,0
DA:869,0
DA:870,0
DA:871,0
DA:872,0
DA:873,0
DA:875,0
DA:876,0
DA:877,0
DA:879,0
DA:880,0
DA:882,0
DA:883,0
DA:885,0
DA:886,0
DA:887,0
DA:890,0
DA:891,0
DA:897,0
DA:898,0
DA:899,0
DA:900,0
DA:901,0
DA:902,0
DA:904,0
DA:905,0
DA:906,0
DA:908,0
DA:909,0
DA:911,0
DA:912,0
DA:913,0
DA:914,0
DA:916,0
DA:917,0
DA:921,0
DA:925,0
DA:926,0
DA:927,0
DA:928,0
DA:929,0
DA:930,0
DA:931,0
DA:932,0
DA:933,0
DA:934,0
DA:935,0
DA:936,0
DA:937,0
DA:938,0
DA:942,0
DA:944,0
DA:945,0
DA:946,0
DA:947,0
DA:948,0
DA:949,0
DA:950,0
DA:951,0
DA:952,0
DA:953,0
DA:954,0
DA:955,0
DA:956,0
DA:957,0
DA:962,0
DA:974,0
DA:975,0
DA:976,0
DA:977,0
DA:978,0
DA:979,0
DA:980,0
DA:981,0
DA:982,0
DA:983,0
DA:984,0
DA:985,0
DA:986,0
DA:987,0
DA:989,0
DA:990,0
DA:991,0
DA:992,0
DA:993,0
DA:994,0
DA:995,0
DA:996,0
DA:997,0
DA:998,0
DA:999,0
DA:1000,0
DA:1001,0
DA:1002,0
DA:1003,0
DA:1007,0
DA:1009,0
DA:1010,0
DA:1011,0
DA:1012,0
DA:1013,0
DA:1014,0
DA:1015,0
DA:1016,0
DA:1017,0
DA:1018,0
DA:1019,0
DA:1020,0
DA:1021,0
DA:1022,0
DA:1025,0
DA:1026,0
DA:1027,0
DA:1028,0
DA:1029,0
DA:1030,0
DA:1031,0
DA:1032,0
DA:1033,0
DA:1034,0
DA:1035,0
DA:1036,0
DA:1037,0
DA:1039,0
DA:1042,0
DA:1043,0
DA:1044,0
DA:1045,0
DA:1046,0
DA:1047,0
DA:1048,0
DA:1049,0
DA:1050,0
DA:1051,0
DA:1052,0
DA:1053,0
DA:1068,5
DA:1081,5
DA:1093,5
DA:1094,5
DA:1095,5
DA:1096,0
DA:1109,0
DA:1110,0
DA:1111,0
DA:1112,0
DA:1113,0
DA:1114,0
DA:1115,0
DA:1116,0
DA:1117,0
DA:1118,0
DA:1119,0
DA:1120,0
DA:1124,0
DA:1137,0
DA:1138,0
DA:1139,0
DA:1140,0
DA:1141,0
DA:1142,0
DA:1143,0
DA:1144,0
DA:1145,0
DA:1146,0
DA:1147,0
DA:1148,0
DA:1152,5
DA:1154,5
DA:1155,10
DA:1156,0
DA:1158,10
DA:1159,20
DA:1161,10
DA:1162,20
DA:1164,10
DA:1165,20
DA:1167,10
DA:1168,20
DA:1170,10
DA:1171,20
DA:1173,10
DA:1174,20
DA:1176,10
DA:1177,20
DA:1179,10
DA:1180,20
DA:1182,10
DA:1183,20
DA:1185,10
DA:1186,10
DA:1187,20
DA:1193,0
DA:1195,0
DA:1196,0
DA:1197,0
DA:1198,0
DA:1199,0
DA:1200,0
DA:1201,0
DA:1202,0
DA:1203,0
DA:1204,0
DA:1205,0
DA:1206,0
DA:1207,0
DA:1208,0
DA:1213,14
DA:1214,0
DA:1215,12
DA:1216,12
DA:1217,0
DA:1219,0
DA:1220,5
DA:1221,15
DA:1250,0
DA:1257,0
DA:1258,0
DA:1259,0
DA:1262,0
DA:1263,0
DA:1264,0
DA:1267,0
DA:1268,0
DA:1269,0
DA:1272,0
DA:1273,0
DA:1274,0
DA:1277,0
DA:1278,0
DA:1279,0
DA:1282,0
DA:1283,0
DA:1284,0
DA:1287,0
DA:1288,0
DA:1289,0
DA:1292,0
DA:1293,0
DA:1294,0
DA:1297,0
DA:1298,0
DA:1299,0
DA:1305,0
DA:1312,0
DA:1313,0
DA:1314,0
DA:1317,0
DA:1318,0
DA:1319,0
DA:1322,0
DA:1323,0
DA:1324,0
DA:1327,0
DA:1328,0
DA:1329,0
DA:1332,0
DA:1333,0
DA:1334,0
DA:1337,0
DA:1338,0
DA:1339,0
DA:1342,0
DA:1343,0
DA:1344,0
DA:1347,0
DA:1348,0
DA:1349,0
DA:1352,0
DA:1353,0
DA:1354,0
DA:1360,0
DA:1367,0
DA:1368,0
DA:1370,0
DA:1371,0
DA:1373,0
DA:1374,0
DA:1376,0
DA:1377,0
DA:1378,0
DA:1381,0
DA:1382,0
DA:1383,0
DA:1386,0
DA:1387,0
DA:1389,0
DA:1390,0
DA:1392,0
DA:1393,0
DA:1395,0
DA:1396,0
DA:1414,0
DA:1415,0
DA:1416,0
DA:1419,0
DA:1420,0
DA:1421,0
DA:1422,0
DA:1423,0
DA:1424,0
DA:1426,0
DA:1436,0
DA:1448,0
DA:1458,0
DA:1469,0
DA:1470,0
DA:1471,0
DA:1522,0
DA:1529,0
DA:1530,0
DA:1531,0
DA:1534,0
DA:1535,0
DA:1536,0
DA:1539,0
DA:1540,0
DA:1541,0
DA:1544,0
DA:1545,0
DA:1546,0
DA:1549,0
DA:1550,0
DA:1551,0
DA:1554,0
DA:1555,0
DA:1556,0
DA:1559,0
DA:1560,0
DA:1561,0
DA:1564,0
DA:1565,0
DA:1566,0
DA:1569,0
DA:1570,0
DA:1571,0
DA:1574,0
DA:1575,0
DA:1576,0
DA:1579,0
DA:1580,0
DA:1581,0
DA:1582,0
DA:1588,0
DA:1595,0
DA:1596,0
DA:1597,0
DA:1600,0
DA:1601,0
DA:1602,0
DA:1605,0
DA:1606,0
DA:1607,0
DA:1610,0
DA:1611,0
DA:1612,0
DA:1615,0
DA:1616,0
DA:1617,0
DA:1620,0
DA:1621,0
DA:1622,0
DA:1625,0
DA:1626,0
DA:1627,0
DA:1630,0
DA:1631,0
DA:1632,0
DA:1635,0
DA:1636,0
DA:1637,0
DA:1640,0
DA:1641,0
DA:1642,0
DA:1645,0
DA:1646,0
DA:1647,0
DA:1653,0
DA:1660,0
DA:1661,0
DA:1663,0
DA:1664,0
DA:1666,0
DA:1667,0
DA:1669,0
DA:1670,0
DA:1672,0
DA:1673,0
DA:1675,0
DA:1676,0
DA:1677,0
DA:1680,0
DA:1681,0
DA:1683,0
DA:1684,0
DA:1686,0
DA:1687,0
DA:1689,0
DA:1690,0
DA:1692,0
DA:1693,0
DA:1714,0
DA:1715,0
DA:1716,0
DA:1719,0
DA:1720,0
DA:1721,0
DA:1722,0
DA:1723,0
DA:1724,0
DA:1726,0
DA:1738,0
DA:1752,0
DA:1764,0
DA:1777,0
DA:1778,0
DA:1779,0
DA:1802,0
DA:1803,0
DA:1804,0
DA:1805,0
DA:1806,0
LF:801
LH:218
end_of_record
SF:lib/db/app_db.dart
DA:9,0
DA:10,0
DA:11,0
DA:12,0
DA:13,0
DA:14,0
DA:15,0
DA:16,0
DA:17,0
DA:18,0
DA:22,0
DA:23,0
DA:24,0
DA:25,0
DA:26,0
DA:27,0
DA:28,0
DA:29,0
DA:30,0
DA:31,0
DA:34,0
DA:35,0
DA:36,0
DA:41,6
DA:44,10
DA:46,5
DA:49,5
DA:51,15
DA:53,5
DA:61,15
DA:62,5
DA:64,5
DA:65,5
DA:66,5
DA:67,5
DA:68,5
DA:73,0
DA:74,0
DA:75,0
DA:78,2
DA:79,1
DA:80,6
DA:82,0
DA:83,0
DA:86,5
DA:87,10
DA:88,5
DA:89,5
DA:90,15
DA:91,15
DA:92,5
DA:93,5
DA:96,5
DA:97,5
DA:101,2
DA:102,6
DA:103,2
DA:104,6
DA:105,6
DA:106,2
DA:107,2
DA:110,2
DA:115,5
DA:120,10
DA:121,5
DA:123,3
DA:126,10
DA:128,15
DA:129,5
DA:134,5
DA:135,5
DA:136,5
DA:139,5
DA:147,5
DA:148,10
DA:149,5
DA:150,10
DA:151,3
DA:154,10
DA:155,20
DA:156,10
DA:158,40
DA:159,5
DA:160,5
DA:162,5
DA:163,5
DA:167,5
DA:172,4
DA:173,8
DA:174,4
DA:175,8
DA:176,2
DA:179,8
DA:181,32
DA:182,4
DA:183,4
DA:184,4
DA:185,4
DA:192,5
DA:197,10
DA:198,5
DA:199,2
DA:201,10
DA:202,5
DA:203,15
DA:204,10
DA:205,10
DA:211,3
DA:214,2
DA:216,40
DA:217,5
DA:218,5
DA:220,5
DA:221,5
DA:222,5
DA:231,0
DA:237,0
DA:238,0
DA:239,0
DA:240,0
DA:241,0
DA:247,3
DA:248,3
DA:252,3
DA:253,3
DA:254,6
DA:256,3
DA:257,3
DA:259,4
DA:262,3
DA:264,3
DA:267,2
DA:272,4
DA:276,4
DA:277,1
DA:278,4
DA:279,2
DA:280,1
DA:283,4
DA:286,2
DA:290,3
DA:294,6
DA:295,3
DA:296,18
DA:298,15
DA:299,3
DA:302,2
DA:308,4
DA:309,2
DA:310,12
DA:312,10
DA:313,2
DA:314,2
DA:318,3
DA:319,3
DA:323,2
DA:328,2
LF:157
LH:123
end_of_record
SF:lib/model/session_status.dart
DA:12,0
DA:14,0
DA:16,0
DA:19,0
DA:20,0
LF:5
LH:0
end_of_record
SF:lib/common/time_helper.dart
DA:1,2
DA:2,6
DA:3,8
DA:4,8
DA:5,2
DA:8,0
DA:10,0
DA:11,0
DA:15,10
LF:9
LH:6
end_of_record
SF:lib/counter_screen.dart
DA:4,1
DA:8,0
DA:9,0
DA:15,0
DA:16,0
DA:17,0
DA:21,0
DA:23,0
DA:24,0
DA:25,0
DA:26,0
DA:28,0
DA:29,0
DA:31,0
DA:33,0
DA:34,0
DA:35,0
DA:40,0
DA:41,0
LF:19
LH:1
end_of_record
SF:lib/db/connection.dart
DA:10,2
DA:12,4
DA:13,2
DA:14,0
DA:17,0
LF:5
LH:3
end_of_record
SF:lib/db/di.dart
DA:4,6
LF:1
LH:1
end_of_record
SF:lib/features/home/home_root.dart
DA:9,1
DA:11,1
DA:13,1
DA:14,3
DA:15,1
DA:16,1
DA:17,1
DA:19,1
DA:21,1
DA:22,0
DA:23,0
DA:25,0
DA:32,1
DA:33,1
DA:35,1
DA:36,1
DA:38,1
DA:39,1
DA:40,0
DA:41,0
DA:43,0
DA:44,0
LF:22
LH:15
end_of_record
SF:lib/new_project_screen.dart
DA:6,1
DA:8,0
DA:9,0
DA:59,0
DA:61,0
DA:63,0
DA:64,0
DA:66,0
DA:77,0
DA:79,0
DA:80,0
DA:81,0
DA:83,0
DA:84,0
DA:86,0
DA:87,0
DA:89,0
DA:90,0
DA:92,0
DA:93,0
DA:95,0
DA:96,0
DA:100,0
DA:102,0
DA:103,0
DA:104,0
DA:105,0
DA:106,0
DA:107,0
DA:108,0
DA:109,0
DA:110,0
DA:111,0
DA:114,0
DA:116,0
DA:118,0
DA:119,0
DA:121,0
DA:122,0
DA:123,0
DA:127,0
DA:129,0
DA:130,0
DA:131,0
DA:132,0
DA:133,0
DA:134,0
DA:137,0
DA:139,0
DA:140,0
DA:141,0
DA:142,0
DA:146,0
DA:147,0
DA:151,0
DA:152,0
DA:153,0
DA:156,0
DA:157,0
DA:158,0
DA:160,0
DA:161,0
DA:164,0
DA:167,0
DA:169,0
DA:171,0
DA:174,0
DA:175,0
DA:176,0
DA:179,0
DA:180,0
DA:181,0
DA:182,0
DA:184,0
DA:185,0
DA:188,0
DA:191,0
DA:193,0
DA:195,0
DA:198,0
DA:199,0
DA:200,0
DA:203,0
DA:205,0
DA:206,0
DA:207,0
DA:209,0
DA:210,0
DA:212,0
DA:215,0
DA:216,0
DA:217,0
DA:218,0
DA:219,0
DA:221,0
DA:224,0
DA:227,0
DA:228,0
DA:229,0
DA:234,0
DA:235,0
DA:239,0
DA:240,0
DA:241,0
DA:250,0
DA:251,0
DA:252,0
DA:253,0
DA:254,0
DA:256,0
DA:258,0
DA:259,0
DA:260,0
DA:261,0
DA:262,0
DA:263,0
DA:264,0
DA:267,0
DA:269,0
DA:270,0
DA:271,0
LF:121
LH:1
end_of_record
SF:lib/features/my/my_root.dart
DA:5,1
DA:7,1
DA:9,1
DA:10,1
LF:4
LH:4
end_of_record
SF:lib/features/projects/end_session_result.dart
DA:14,1
DA:17,1
DA:23,1
DA:24,0
DA:28,0
DA:35,1
DA:42,2
LF:7
LH:5
end_of_record
SF:lib/features/projects/end_session_sheet_material.dart
DA:10,1
DA:17,1
DA:18,1
DA:22,2
DA:23,2
DA:26,1
DA:28,1
DA:29,3
DA:32,1
DA:34,2
DA:35,2
DA:36,1
DA:39,1
DA:40,3
DA:41,4
DA:43,1
DA:44,0
DA:48,1
DA:50,1
DA:51,5
DA:52,1
DA:53,2
DA:54,1
DA:55,1
DA:57,1
DA:58,1
DA:60,1
DA:61,1
DA:63,0
DA:64,0
DA:65,0
DA:66,0
DA:71,1
DA:72,1
DA:73,1
DA:81,5
DA:82,3
DA:84,1
DA:85,1
DA:86,3
DA:88,1
DA:91,0
LF:42
LH:36
end_of_record
SF:lib/features/projects/end_session_sheet_cupertino.dart
DA:10,1
DA:17,1
DA:18,1
DA:22,2
DA:23,2
DA:26,1
DA:28,1
DA:29,3
DA:32,1
DA:34,2
DA:35,2
DA:36,1
DA:39,1
DA:40,3
DA:41,4
DA:43,1
DA:44,3
DA:48,1
DA:50,3
DA:51,1
DA:53,1
DA:54,2
DA:55,1
DA:56,1
DA:58,1
DA:59,1
DA:61,1
DA:62,1
DA:64,1
DA:65,4
DA:66,1
DA:67,3
DA:74,1
DA:75,1
DA:76,1
DA:81,5
DA:84,1
DA:85,1
DA:86,1
DA:88,3
LF:40
LH:40
end_of_record
SF:lib/widget/labelpill.dart
DA:5,3
DA:15,3
DA:17,3
DA:18,2
DA:20,2
DA:22,2
DA:23,2
DA:25,2
DA:27,2
DA:28,2
DA:29,2
DA:47,3
DA:48,3
DA:49,3
DA:50,3
DA:52,3
DA:53,3
DA:54,3
DA:55,12
DA:56,12
DA:57,12
DA:60,9
DA:62,3
DA:63,3
DA:64,3
DA:65,12
DA:66,12
DA:67,12
DA:72,3
DA:74,3
DA:75,3
DA:76,3
DA:77,12
LF:33
LH:33
end_of_record
SF:lib/features/projects/projects_root.dart
DA:9,1
DA:11,1
DA:12,1
DA:18,1
DA:20,1
DA:21,3
DA:24,1
DA:26,1
DA:29,1
DA:30,1
DA:31,1
DA:32,2
DA:35,0
DA:36,0
DA:38,0
DA:39,0
DA:43,0
DA:44,0
DA:46,0
DA:47,0
DA:48,0
DA:49,0
DA:50,0
DA:51,0
DA:53,0
DA:55,0
DA:56,0
DA:60,0
DA:62,0
DA:63,0
DA:64,0
DA:76,0
DA:77,0
DA:78,0
DA:80,0
DA:81,0
DA:86,1
DA:88,0
DA:90,0
DA:91,0
DA:93,0
DA:95,0
DA:97,0
DA:102,0
DA:105,0
DA:108,0
DA:111,0
DA:112,0
DA:113,0
DA:114,0
LF:50
LH:13
end_of_record
SF:lib/project_detail_screen.dart
DA:14,0
DA:16,0
DA:19,0
DA:21,0
DA:23,0
DA:24,0
DA:29,0
DA:33,0
DA:34,0
DA:35,0
DA:37,0
DA:38,0
DA:39,0
DA:40,0
DA:41,0
DA:43,0
DA:45,0
DA:46,0
DA:47,0
DA:48,0
DA:49,0
DA:50,0
DA:52,0
DA:55,0
DA:56,0
DA:61,0
DA:62,0
DA:71,0
DA:72,0
DA:74,0
DA:76,0
DA:77,0
DA:79,0
DA:82,0
DA:91,0
DA:93,0
DA:94,0
DA:101,0
DA:104,0
DA:105,0
DA:107,0
DA:109,0
DA:111,0
DA:122,0
DA:123,0
DA:127,0
DA:128,0
DA:129,0
DA:130,0
DA:131,0
DA:133,0
DA:144,0
DA:146,0
DA:147,0
DA:154,0
DA:155,0
DA:156,0
DA:157,0
DA:169,1
DA:171,0
DA:172,0
DA:178,0
DA:180,0
DA:182,0
DA:183,0
DA:184,0
DA:185,0
DA:186,0
DA:188,0
DA:189,0
DA:192,0
DA:193,0
DA:199,0
DA:201,0
DA:202,0
DA:203,0
DA:210,0
DA:211,0
DA:213,0
DA:214,0
DA:216,0
DA:217,0
DA:218,0
DA:223,0
DA:224,0
DA:225,0
DA:228,0
DA:229,0
DA:238,0
DA:240,0
DA:242,0
DA:243,0
LF:92
LH:1
end_of_record
SF:lib/main.dart
DA:6,0
DA:7,0
DA:9,0
DA:10,0
DA:11,0
DA:12,0
DA:15,0
DA:19,1
DA:21,1
DA:23,1
DA:25,1
DA:26,1
LF:12
LH:5
end_of_record
SF:lib/root/root_scaffold.dart
DA:9,1
DA:10,1
DA:11,1
DA:25,0
DA:27,0
DA:28,0
DA:29,0
DA:30,0
DA:33,0
DA:34,0
DA:36,0
DA:37,0
DA:38,0
DA:42,0
DA:45,0
DA:48,0
DA:49,0
DA:54,0
DA:57,0
DA:58,0
DA:61,0
DA:65,0
DA:66,0
DA:67,0
DA:68,0
DA:71,1
DA:73,1
DA:75,1
DA:76,1
DA:77,1
DA:78,1
DA:79,1
DA:80,1
DA:81,1
DA:82,2
DA:83,2
DA:84,2
DA:88,1
DA:89,1
DA:90,1
LF:40
LH:18
end_of_record
SF:lib/providers/stopwatch_provider.dart
DA:9,5
DA:14,4
DA:18,4
DA:19,3
DA:20,1
DA:30,4
DA:33,12
DA:34,8
DA:39,4
DA:40,7
DA:41,11
DA:42,6
DA:43,21
DA:48,4
DA:50,4
DA:51,8
DA:52,16
DA:56,4
DA:57,5
DA:58,8
DA:59,4
DA:60,16
DA:61,8
DA:62,4
DA:65,4
DA:66,8
DA:68,16
DA:69,8
DA:70,8
DA:71,16
DA:72,8
DA:75,3
DA:76,6
DA:78,6
DA:79,9
DA:80,3
DA:84,2
DA:85,4
DA:86,8
DA:87,6
DA:88,4
DA:92,4
DA:93,8
DA:94,8
DA:95,4
DA:96,12
DA:97,8
DA:101,8
DA:102,4
LF:49
LH:49
end_of_record
SF:lib/stopwatch_panel.dart
DA:19,1
DA:24,1
DA:25,1
DA:30,1
DA:42,1
DA:44,1
DA:45,4
DA:46,5
DA:47,4
DA:50,1
DA:52,1
DA:55,0
DA:56,0
DA:57,0
DA:59,0
DA:63,0
DA:66,0
DA:67,0
DA:69,0
DA:70,0
DA:75,0
DA:76,0
DA:80,0
DA:81,0
DA:83,0
DA:87,0
DA:88,0
DA:89,0
DA:90,0
DA:93,0
DA:94,0
DA:95,0
DA:98,0
DA:99,0
DA:107,0
DA:108,0
DA:109,0
DA:112,0
DA:115,0
DA:116,0
DA:121,0
DA:122,0
DA:123,0
DA:124,0
DA:125,0
DA:128,1
DA:129,4
DA:130,2
DA:131,2
DA:133,0
DA:136,0
DA:137,0
DA:138,0
DA:141,0
DA:142,0
DA:145,0
DA:148,0
DA:149,0
DA:150,0
DA:151,0
DA:152,0
DA:154,0
DA:157,0
DA:158,0
DA:159,0
DA:160,0
DA:162,0
DA:165,0
DA:168,0
DA:169,0
DA:171,0
DA:176,0
DA:177,0
DA:179,0
DA:180,0
DA:183,0
DA:184,0
DA:185,0
DA:187,0
DA:193,0
DA:194,0
DA:195,0
DA:198,0
DA:200,0
DA:201,0
DA:210,0
DA:213,0
DA:214,0
DA:216,0
DA:219,0
DA:220,0
DA:221,0
DA:222,0
DA:223,0
DA:232,0
DA:233,0
DA:234,0
DA:237,0
DA:238,0
DA:239,0
DA:244,0
DA:245,0
DA:248,0
DA:249,0
DA:251,0
DA:252,0
DA:260,0
DA:265,0
DA:269,0
DA:270,0
DA:272,0
DA:294,0
DA:295,0
DA:300,0
DA:302,0
DA:303,0
DA:304,0
DA:309,0
DA:310,0
DA:311,0
DA:314,0
DA:316,0
DA:317,0
DA:326,0
DA:328,0
DA:329,0
DA:331,0
DA:332,0
DA:333,0
DA:334,0
DA:335,0
DA:345,0
DA:348,0
DA:349,0
DA:350,0
DA:351,0
DA:352,0
DA:353,0
DA:355,0
DA:358,0
DA:371,0
DA:375,0
DA:376,0
DA:377,0
DA:380,0
DA:381,0
DA:382,0
DA:384,0
DA:389,0
DA:390,0
DA:391,0
DA:392,0
DA:394,0
DA:406,0
DA:409,0
DA:410,0
DA:411,0
DA:412,0
DA:413,0
DA:418,0
DA:419,0
DA:420,0
DA:421,0
DA:428,0
DA:429,0
DA:430,0
DA:431,0
DA:433,0
DA:438,0
DA:439,0
DA:440,0
DA:441,0
DA:442,0
DA:444,0
DA:451,0
DA:452,0
DA:453,0
DA:454,0
DA:458,0
DA:459,0
DA:473,1
DA:475,1
DA:476,3
DA:478,1
DA:479,1
DA:481,1
DA:483,1
DA:484,2
DA:485,1
DA:486,0
DA:487,0
DA:489,0
DA:496,1
DA:498,1
DA:499,1
DA:500,1
DA:501,1
DA:502,1
DA:503,1
DA:505,2
DA:506,1
DA:508,0
DA:509,0
DA:511,0
DA:512,0
DA:514,0
DA:516,0
DA:518,0
DA:524,1
DA:525,1
DA:528,1
DA:532,1
DA:534,1
DA:541,1
DA:542,1
DA:543,1
DA:544,1
DA:545,2
DA:548,0
DA:549,0
DA:554,0
DA:556,0
DA:557,0
DA:558,0
DA:559,0
DA:562,0
DA:563,0
DA:564,0
DA:566,0
DA:567,0
DA:569,0
DA:570,0
DA:573,0
DA:575,0
DA:576,0
DA:577,0
DA:578,0
DA:579,0
DA:581,0
DA:582,0
DA:583,0
DA:584,0
DA:599,1
DA:609,1
DA:611,1
DA:612,1
DA:614,1
DA:616,1
DA:617,2
DA:618,1
DA:619,1
DA:620,1
DA:621,3
DA:622,3
DA:623,3
DA:627,1
DA:629,1
DA:631,1
DA:633,1
DA:635,3
DA:638,1
DA:639,1
DA:640,1
DA:641,1
DA:642,3
LF:265
LH:66
end_of_record
SF:lib/widget/project_info_section.dart
DA:10,0
DA:17,0
DA:18,0
DA:24,0
DA:26,0
DA:27,0
DA:30,0
DA:32,0
DA:34,0
DA:35,0
DA:36,0
DA:38,0
DA:39,0
DA:41,0
DA:42,0
DA:43,0
DA:44,0
DA:52,0
DA:54,0
DA:56,0
DA:59,0
DA:67,0
DA:68,0
DA:69,0
DA:71,0
LF:25
LH:0
end_of_record
